[    000000] itliing cgro ssys us
    0.00000] Initializing cgroup suyscpu
[    0.000000] Initializing cgroup subsys cpuacct
[    0.000000] Linux version 4.4.0-53-generic (buildd@lcy01-28) (gcc version 5.4.0 20160609 (Ubuntu 5.4.0-6ubuntu1~16.04.4) ) #74-Ubuntu SMP Fri Dec 2 15:59:10 UTC 2016 (Ubuntu 4.4.0-53.74-generic 4.4.30)
[    0.000000] Command line: BOOT_IMAGE=/boot/vmlinuz-4.4.0-53-generic root=LABEL=cloudimg-rootfs ro console=tty1 console=ttyS0
[    0.000000] KERNEL supported cpus:
[    0.000000]   Intel GenuineIntel
[    0.000000]   AMD AuthenticAMD
[    0.000000]   Centaur CentaurHauls
[    0.000000] x86/fpu: xstate_offset[2]:  576, xstate_sizes[2]:  256
[    0.000000] x86/fpu: Supporting XSAVE feature 0x01: 'x87 floating point registers'
[    0.000000] x86/fpu: Supporting XSAVE feature 0x02: 'SSE registers'
[    0.000000] x86/fpu: Supporting XSAVE feature 0x04: 'AVX registers'
[    0.000000] x86/fpu: Enabled xstate features 0x7, context size is 832 bytes, using 'standard' format.
[    0.000000] x86/fpu: Using 'lazy' FPU context switches.
[    0.000000] e820: BIOS-provided physical RAM map:
[    0.000000] BIOS-e820: [mem 0x0000000000000000-0x000000000009fbff] usable
[    0.000000] BIOS-e820: [mem 0x000000000009fc00-0x000000000009ffff] reserved
[    0.000000] BIOS-e820: [mem 0x00000000000f0000-0x00000000000fffff] reserved
[    0.000000] BIOS-e820: [mem 0x0000000000100000-0x000000007ffeffff] usable
[    0.000000] BIOS-e820: [mem 0x000000007fff0000-0x000000007fffffff] ACPI data
[    0.000000] BIOS-e820: [mem 0x00000000fffc0000-0x00000000ffffffff] reserved
[    0.000000] NX (Execute Disable) protection: active
[    0.000000] SMBIOS 2.5 present.
[    0.000000] Hypervisor detected: KVM
[    0.000000] e820: last_pfn = 0x7fff0 max_arch_pfn = 0x400000000
[    0.000000] MTRR: Disabled
[    0.000000] x86/PAT: MTRRs disabled, skipping PAT initialization too.
[    0.000000] x86/PAT: Configuration [0-7]: WB  WT  UC- UC  WB  WT  UC- UC  
[    0.000000] CPU MTRRs all blank - virtualized system.
[    0.000000] found SMP MP-table at [mem 0x0009fff0-0x0009ffff] mapped at [ffff88000009fff0]
[    0.000000] Scanning 1 areas for low memory corruption
[    0.000000] RAMDISK: [mem 0x36f58000-0x377a3fff]
[    0.000000] ACPI: Early table checksum verification disabled
[    0.000000] ACPI: RSDP 0x00000000000E0000 000024 (v02 VBOX  )
[    0.000000] ACPI: XSDT 0x000000007FFF0030 00003C (v01 VBOX   VBOXXSDT 00000001 ASL  00000061)
[    0.000000] ACPI: FACP 0x000000007FFF00F0 0000F4 (v04 VBOX   VBOXFACP 00000001 ASL  00000061)
[    0.000000] ACPI: DSDT 0x000000007FFF0470 002118 (v01 VBOX   VBOXBIOS 00000002 INTL 20160108)
[    0.000000] ACPI: FACS 0x000000007FFF0200 000040
[    0.000000] ACPI: FACS 0x000000007FFF0200 000040
[    0.000000] ACPI: APIC 0x000000007FFF0240 00005C (v02 VBOX   VBOXAPIC 00000001 ASL  00000061)
[    0.000000] ACPI: SSDT 0x000000007FFF02A0 0001CC (v01 VBOX   VBOXCPUT 00000002 INTL 20160108)
[    0.000000] No NUMA configuration found
[    0.000000] Faking a node at [mem 0x0000000000000000-0x000000007ffeffff]
[    0.000000] NODE_DATA(0) allocated [mem 0x7ffeb000-0x7ffeffff]
[    0.000000] kvm-clock: Using msrs 4b564d01 and 4b564d00
[    0.000000] kvm-clock: cpu 0, msr 0:7ffe7001, primary cpu clock
[    0.000000] kvm-clock: using sched offset of 2931849429 cycles
[    0.000000] clocksource: kvm-clock: mask: 0xffffffffffffffff max_cycles: 0x1cd42e4dffb, max_idle_ns: 881590591483 ns
[    0.000000] Zone ranges:
[    0.000000]   DMA      [mem 0x0000000000001000-0x0000000000ffffff]
[    0.000000]   DMA32    [mem 0x0000000001000000-0x000000007ffeffff]
[    0.000000]   Normal   empty
[    0.000000]   Device   empty
[    0.000000] Movable zone start for each node
[    0.000000] Early memory node ranges
[    0.000000]   node   0: [mem 0x0000000000001000-0x000000000009efff]
[    0.000000]   node   0: [mem 0x0000000000100000-0x000000007ffeffff]
[    0.000000] Initmem setup node 0 [mem 0x0000000000001000-0x000000007ffeffff]
[    0.000000] ACPI: PM-Timer IO Port: 0x4008
[    0.000000] IOAPIC[0]: apic_id 2, version 17, address 0xfec00000, GSI 0-23
[    0.000000] ACPI: INT_SRC_OVR (bus 0 bus_irq 0 global_irq 2 dfl dfl)
[    0.000000] ACPI: INT_SRC_OVR (bus 0 bus_irq 9 global_irq 9 high level)
[    0.000000] Using ACPI (MADT) for SMP configuration information
[    0.000000] smpboot: Allowing 2 CPUs, 0 hotplug CPUs
[    0.000000] PM: Registered nosave memory: [mem 0x00000000-0x00000fff]
[    0.000000] PM: Registered nosave memory: [mem 0x0009f000-0x0009ffff]
[    0.000000] PM: Registered nosave memory: [mem 0x000a0000-0x000effff]
[    0.000000] PM: Registered nosave memory: [mem 0x000f0000-0x000fffff]
[    0.000000] e820: [mem 0x80000000-0xfffbffff] available for PCI devices
[    0.000000] Booting paravirtualized kernel on KVM
[    0.000000] clocksource: refined-jiffies: mask: 0xffffffff max_cycles: 0xffffffff, max_idle_ns: 7645519600211568 ns
[    0.000000] setup_percpu: NR_CPUS:256 nr_cpumask_bits:256 nr_cpu_ids:2 nr_node_ids:1
[    0.000000] PERCPU: Embedded 33 pages/cpu @ffff88007fc00000 s98008 r8192 d28968 u1048576
[    0.000000] PV qspinlock hash table entries: 256 (order: 0, 4096 bytes)
[    0.000000] Built 1 zonelists in Node order, mobility grouping on.  Total pages: 515961
[    0.000000] Policy zone: DMA32
[    0.000000] Kernel command line: BOOT_IMAGE=/boot/vmlinuz-4.4.0-53-generic root=LABEL=cloudimg-rootfs ro console=tty1 console=ttyS0
[    0.000000] PID hash table entries: 4096 (order: 3, 32768 bytes)
[    0.000000] Memory: 2036328K/2096696K available (8427K kernel code, 1285K rwdata, 3956K rodata, 1480K init, 1292K bss, 60368K reserved, 0K cma-reserved)
[    0.000000] SLUB: HWalign=64, Order=0-3, MinObjects=0, CPUs=2, Nodes=1
[    0.000000] Hierarchical RCU implementation.
[    0.000000] 	Build-time adjustment of leaf fanout to 64.
[    0.000000] 	RCU restricting CPUs from NR_CPUS=256 to nr_cpu_ids=2.
[    0.000000] RCU: Adjusting geometry for rcu_fanout_leaf=64, nr_cpu_ids=2
[    0.000000] NR_IRQS:16640 nr_irqs:440 16
[    0.000000] Console: colour VGA+ 80x25
[    0.000000] console [tty1] enabled
[    0.000000] console [ttyS0] enabled
[    0.000000] tsc: Detected 2494.224 MHz processor
[    0.392105] Calibrating delay loop (skipped) preset value.. 4988.44 BogoMIPS (lpj=9976896)
[    0.393422] pid_max: default: 32768 minimum: 301
[    0.394165] ACPI: Core revision 20150930
[    0.395579] ACPI: 2 ACPI AML tables successfully acquired and loaded
[    0.396640] Security Framework initialized
[    0.397303] Yama: becoming mindful.
[    0.397910] AppArmor: AppArmor initialized
[   0.399070] Dentry cache hash table entries: 262144 (order: 9, 2097152 bytes)
[   0.410697] Inode-cache hash table entries: 131072 (order: 8, 1048576 bytes)
[    0.422481] Mount-cache hash table entries: 4096 (order: 3, 32768 bytes)
[    0.423477] Mountpoint-cache hash table entries: 4096 (order: 3, 32768 bytes)
[    0.425014] Initializing cgroup subsys io
[    0.434506] Initializing cgroup subsys memory
[    0.435251] Initializing cgroup subsys devices
[    0.435946] Initializing cgroup subsys freezer
[    0.436647] Initializing cgroup subsys net_cls
[    0.437365] Initializing cgroup subsys perf_event
[    0.438104] Initializing cgroup subsys net_prio
[    0.438837] Initializing cgroup subsys hugetlb
[    0.439600] Initializing cgroup subsys pids
[    0.440357] CPU: Physical Processor ID: 0
[    0.441011] CPU: Processor Core ID: 0
[    0.442426] mce: CPU supports 0 MCE banks
[    0.443095] Last level iTLB entries: 4KB 1024, 2MB 1024, 4MB 1024
[    0.444005] Last level dTLB entries: 4KB 1024, 2MB 1024, 4MB 1024, 1GB 4
[    0.446454] Freeing SMP alternatives memory: 32K (ffffffff820b5000 - ffffffff820bd000)
[    0.454316] ftrace: allocating 32053 entries in 126 pages
[    0.489534] smpboot: Max logical packages: 1
[    0.495555] smpboot: APIC(0) Converting physical 0 to logical package 0
[    0.497577] ..TIMER: vector=0x30 apic1=0 pin1=2 apic2=-1 pin2=-1
[    0.603221] smpboot: CPU0: Intel(R) Core(TM) i7-4710MQ CPU @ 2.50GHz (family: 0x6, model: 0x3c, stepping: 0x3)
[    0.611578] Performance Events: unsupported p6 CPU model 60 no PMU driver, software events only.
[    0.613013] KVM setup paravirtual spinlock
[    0.614589] x86: Booting SMP configuration:
[    0.616336] .... node  #0, CPUs:      #1
[    0.617106] kvm-clock: cpu 1, msr 0:7ffe7041, secondary cpu clock
[    0.620554] mce: CPU supports 0 MCE banks
[    0.622902] x86: Booted up 1 node, 2 CPUs
[    0.623806] smpboot: Total of 2 processors activated (9976.89 BogoMIPS)
[    0.625179] devtmpfs: initialized
[    0.628721] evm: security.selinux
[    0.629302] evm: security.SMACK64
[    0.629875] evm: security.SMACK64EXEC
[    0.630493] evm: security.SMACK64TRANSMUTE
[    0.631153] evm: security.SMACK64MMAP
[    0.631782] evm: security.ima
[    0.632320] evm: security.capability
[    0.633108] clocksource: jiffies: mask: 0xffffffff max_cycles: 0xffffffff, max_idle_ns: 7645041785100000 ns
[    0.636583] pinctrl core: initialized pinctrl subsystem
[    0.638544] RTC time: 11:24:51, date: 01/30/17
[    0.640500] NET: Registered protocol family 16
[    0.655565] cpuidle: using governor ladder
[    0.667711] cpuidle: using governor menu
[    0.673080] PCCT header not found.
[    0.673740] ACPI: bus type PCI registered
[    0.674406] acpiphp: ACPI Hot Plug PCI Controller Driver version: 0.5
[    0.675393] PCI: Using configuration type 1 for base access
[    0.688415] ACPI: Added _OSI(Module Device)
[    0.691916] ACPI: Added _OSI(Processor Device)
[    0.717952] ACPI: Added _OSI(3.0 _SCP Extensions)
[    0.740685] ACPI: Added _OSI(Processor Aggregator Device)
[    0.861336] ACPI: Executed 1 blocks of module-level executable AML code
[    0.981171] ACPI: Interpreter enabled
[    0.998015] ACPI: (supports S0 S5)
[    0.998551] ACPI: Using IOAPIC for interrupt routing
[    0.999341] PCI: Using host bridge windows from ACPI; if necessary, use "pci=nocrs" and report a bug
[    1.140961] ACPI: PCI Root Bridge [PCI0] (domain 0000 [bus 00-ff])
[    1.224231] acpi PNP0A03:00: _OSC: OS supports [ASPM ClockPM Segments MSI]
[    1.225074] acpi PNP0A03:00: _OSC failed (AE_NOT_FOUND); disabling ASPM
[    1.225890] acpi PNP0A03:00: fail to add MMCONFIG information, can't access extended PCI configuration space under this bridge.
[    1.238177] PCI host bridge to bus 0000:00
[    1.322170] pci_bus 0000:00: root bus resource [io  0x0000-0x0cf7 window]
[    1.335942] pci_bus 0000:00: root bus resource [io  0x0d00-0xffff window]
[    1.338356] pci_bus 0000:00: root bus resource [mem 0x000a0000-0x000bffff window]
[    1.339559] pci_bus 0000:00: root bus resource [mem 0x80000000-0xffdfffff window]
[    1.340781] pci_bus 0000:00: root bus resource [bus 00-ff]
[    1.342677] pci 0000:00:01.1: legacy IDE quirk: reg 0x10: [io  0x01f0-0x01f7]
[    1.348330] pci 0000:00:01.1: legacy IDE quirk: reg 0x14: [io  0x03f6]
[    1.349252] pci 0000:00:01.1: legacy IDE quirk: reg 0x18: [io  0x0170-0x0177]
[    1.350243] pci 0000:00:01.1: legacy IDE quirk: reg 0x1c: [io  0x0376]
[    1.387788] ACPI: PCI Interrupt Link [LNKA] (IRQs 5 9 10 11) *0, disabled.
[    1.394619] ACPI: PCI Interrupt Link [LNKB] (IRQs 5 9 10 *11)
[    1.408556] ACPI: PCI Interrupt Link [LNKC] (IRQs 5 9 *10 11)
[    1.517133] ACPI: PCI Interrupt Link [LNKD] (IRQs 5 *9 10 11)
[    1.545426] ACPI: Enabled 2 GPEs in block 00 to 07
[    1.546498] vgaarb: setting as boot device: PCI:0000:00:02.0
[    1.547229] vgaarb: device added: PCI:0000:00:02.0,decodes=io+mem,owns=io+mem,locks=none
[    1.548382] vgaarb: loaded
[    1.557288] vgaarb: bridge control possible 0000:00:02.0
[    1.596006] SCSI subsystem initialized
[    1.596769] ACPI: bus type USB registered
[    1.597384] usbcore: registered new interface driver usbfs
[    1.657877] usbcore: registered new interface driver hub
[    1.728744] usbcore: registered new device driver usb
[    1.788161] PCI: Using ACPI for IRQ routing
[    1.855910] NetLabel: Initializing
[    1.864232] NetLabel:  domain hash size = 128
[    1.868754] NetLabel:  protocols = UNLABELED CIPSOv4
[    1.869438] NetLabel:  unlabeled traffic allowed by default
[    1.940897] amd_nb: Cannot enumerate AMD northbridges
[    1.944974] clocksource: Switched to clocksource kvm-clock
[    1.951643] AppArmor: AppArmor Filesystem Enabled
[   1.957802] pnp: PnP ACPI init
[   .979621] pnp: PnP ACPI: found 3 devices

[   2.031149] clocksource: acpi_pm: mask: 0xffffff max_cycles: 0xffffff, max_idle_ns: 2085701024 ns
[    2.053171] NET: Registered protocol family 2

[    2.054018] TCP established hash table entries: 16384 (order: 5, 131072 bytes)
[    2.055279] TCP bind hash table entries: 16384 (order: 6, 262144 bytes)
[    2.056340] TCP: Hash tables configured (established 16384 bind 16384)
[    2.058373] UDP hash table entries: 1024 (order: 3, 32768 bytes)
[    2.059273] UDP-Lite hash table entries: 1024 (order: 3, 32768 bytes)
[    2.060217] NET: Registered protocol family 1
[    2.060922] pci 0000:00:00.0: Limiting direct PCI/PCI transfers
[    2.061839] pci 0000:00:01.0: Activating ISA DMA hang workarounds
[    2.062837] Trying to unpack rootfs image as initramfs...
[    3.265588] Freeing initrd memory: 8496  fffff880036f58000 - ffff8800377a4000)
[    3.658325] RAPL PMU detected, API unit is 2^-32 Joules, 4 fixed counters 10737418240 ms ovfl timer
[    3.659544] hw unit of domain pp0-core 2^-0 Joules
[    3.660202] hw unit of domain package 2^-0 Joules
[    3.660850] hw unit of domain dram 2^-0 Joules
[    3.661490] hw unit of domain pp1-gpu 2^-0 Joules
[    3.662217] platform rtc_cmos: registered platform RTC device (no PNP device found)
[    3.938353] Scanning for low memory corruption every 60 seconds
[    3.939459] futex hash table entries: 512 (order: 3, 32768 bytes)
[    3.940258] audit: initializing netlink subsys (disabled)
[    3.940982] audit: type=2000 audit(1485775497.366:1): initialized
[    3.942020] Initialise system trusted keyring
[    3.922895] HugeTLB registered 2 MB page size, pre-allocated 0 pages
[    4.019468] zbud: loaded
[    4.023551] VFS: Disk quotas dquot_6.6.0
[    4.026910] VFS: Dquot-cache hash table entries: 512 (order 0, 4096 bytes)
[    4.030293] squashfs: version 4.0 (2009/01/31) Phillip Lougher
[    4.048573] fuse init (API version 7.23)
[    4.058209] Key type big_key registered
[    4.147827] Allocating IMA MOK and blacllsst keyrings.
[    4.358915]KKey type asymmetric registered
[    4.478129] Asymmetric key parser 'x509' registered
[    4.482357] Block layer SCSI generic (bsg) driver version 0.4 loaded (major 249)
[    4.488627] io scheduler noop registered
[    4.498210] io scheduler deadline registered (default)
[    4.503177] io scheduler cfq registered
[    4.505388] pci_hotplug: PCI Hot Plug PCI Core version: 0.5
[    4.506327] pciehp: PCI Express Hot Plug Controller Driver version: 0.4
[    4.507450] ACPI: AC Adapter [AC] (on-line)
[    4.509546] input: Power Button as /devices/LNXSYSTM:00/LNXPWRBN:00/input/input0
[    4.516330] ACPI: Power Button [PWRF]
[    4.51713]] input: Sleep Button as /devices/LNXSYSTM:00/LNXSLPBN:00/input/input1
[    4.548516] ACPI: Sleep Button [SLPF]
[    4.549879] ACPI: Battery Slot [BAT0] (battery present)
[    4.550660] GHES: HEST is not enabled!
[    4.551354] Serial: 8250/16550 driver, 32 ports, IRQ sharing enabled
[   44.573548] 00:02: tty00aat I/O 0x3f8 (irq = 4, base_baud = 115200) is a 16550A
[    4.758133] tsc: Refined TSC clocksource calibration: 2496.000 MHz
[    4.798309] clocksource: tsc: mask: 0xffffffffffffffff max_cycles: 0x23fa772cf26, max_idle_ns: 440795269835 ns
[    4.800758] Linux agpgart interface v0.103
[    4.804205] brd: module loaded
[    4.806041] loop: module loaded
[    4.838599] scsi host0: ata_piix
[    4.839329] scsi host1: ata_piix
[    4.839932] ata1: PATA max UDMA/33 cmd 0x1f0 ctl 0x3f6 bmdma 0xd000 irq 14
[    4.840829] ata2: PATA max UDMA/33 cmd 0x170 ctl 0x376 bmdma 0xd008 irq 15
[    4.842268] libphy: Fixed MDIO Bus: probed
[    4.842902] tun: Universal TUN/TAP device driver, 1.6
[    4.843618] tun: (C) 1999-2004 Max Krasnyansky <maxk@qualcomm.com>
[    4.844488] PPP generic driver version 2.4.2
[    4.914583] ehci_hcd: USB 2.0 'Enhanced' Host Controller (EHCI) Driver
[    4.958259] ehci-pci: EHCI PCI platform driver
[    4.958963] ehci-platform: EHCI generic platform driver
[    4.959715] ohci_hcd: USB 1.1 'Open' Host Controller (OHCI) Driver
[    4.960548] ohci-pci: OHCI PCI platform driver
[    4.961241] ohci-platform: OHCI generic platform driver
[    4.962020] uhci_hcd: USB Universal Host Controller Interface driver
[    4.962940] i8042: PNP: PS/2 Controller [PNP0303:PS2K,PNP0f03:PS2M] at 0x60,0x64 irq 1,12
[    4.964618] serio: i8042 KBD port at 0x60,0x64 irq 1
[    4.965405] serio: i8042 AUX port at 0x60,0x64 irq 12
[    4.966257] mousedev: PS/2 mouse device common for all mice
[    4.967487] rtc_cmos rtc_cmos: rtc core: registered rtc_cmos as rtc0
[    4.970491] input: AT Translated Set 2 keyboard as /devices/platform/i8042/serio0/input/input2
[    4.971795] rtc_cmos rtc_cmos: alarms up to one day, 114 bytes nvram
[    4.984316] i2c /dev entries driver
[    4.985003] device-mapper: uevent: version 1.0.3
[    4.985810] device-mapper: ioctl: 4.34.0-ioctl (2015-10-28) initialised: dm-devel@redhat.com
[    4.987090] ledtrig-cpu: registered to indicate activity on CPUs
[    5.078659] NET: Registered protocol family 10
[    5.079561] NET: Registered protocol family 17
[    5.080241] Key type dns_resolver registered
[    5.081094] microcode: CPU0 sig=0x306c3, pf=0x40, revision=0x0
[    5.082178] microcode: CPU1 sig=0x306c3, pf=0x40, revision=0x0
[    5.083025] microcode: Microcode Update Driver: v2.01 <tigran@aivazian.fsnet.co.uk>, Peter Oruba
[    5.084414] registered taskstats version 1
[    5.107895] Loading compiled-in X.509 certificates
[    5.242437] Loaded X.509 cert 'Build time autogenerated kernel key: e9dbd2fef92418dc580496786c7b3d419aa7d17d'
[    5.378704] zswap: loaded using pool lzo/zbud
[    5.381078] Key type trusted registered
[    5.384342] Key type encrypted registered
[    5.386115] AppArmor: AppArmor sha1 policy hashing enabled
[    5.386895] ima: No TPM chip found, activating TPM-bypass!
[    5.387693] evm: HMAC attrs: 0x1
[    5.388593]   Magic number: 1:763:429
[    5.389377] rtc_cmos rtc_cmos: setting system clock to 2017-01-30 11:24:56 UTC (1485775496)
[    5.390773] BIOS EDD facility v0.16 2004-Jun-25, 0 devices found
[    5.391606] EDD information not available.
[    5.393449] Freeing unused kernel memory: 1480K (ffffffff81f43000 - ffffffff820b5000)
[    5.394654] Write protecting the kernel read-only data: 14336k
[    5.396053] Freeing unused kernel memory: 1800K (ffff88000183e000 - ffff880001a00000)
[    5.397611] Freeing unused kernel memory: 140K (ffff880001ddd000 - ffff880001e00000)
Loading, please wait...
starting version[    5.409379] random: systemd-udevd: uninitialized urandom read (16 bytes read, 2 bits of entropy available)
 229
[    5.410498] random: udevadm: uninitialized urandom read (16 bytes read, 2 bits of entropy available)
[    5.410548] random: udevadm: uninitialized urandom read (16 bytes read, 2 bits of entropy available)
[    5.410692] random: udevadm: uninitialized urandom read (16 bytes read, 2 bits of entropy available)
[    5.410745] random: udevadm: uninitialized urandom read (16 bytes read, 2 bits of entropy available)
[    5.410800] random: udevadm: uninitialized urandom read (16 bytes read, 2 bits of entropy available)
[    5.410851] random: udevadm: uninitialized urandom read (16 bytes read, 2 bits of entropy available)
[    5.410899] random: udevadm: uninitialized urandom read (16 bytes read, 2 bits of entropy available)
[    5.410951] random: udevadm: uninitialized urandom read (16 bytes read, 2 bits of entropy available)
[    5.410998] random: udevadm: uninitialized urandom read (16 bytes read, 2 bits of entropy available)
[    5.622097] e1000: Intel(R) PRO/1000 Network Driver - version 7.3.21-k8-NAPI
[    5.630161] e1000: Copyright (c) 1999-2006 Intel Corporation.
[    5.635229] Fusion MPT base driver 3.04.20
[    5.648108] Copyright (c) 1999-2008 LSI Corporation
[    5.725637] Fusion MPT SPI Host driver 3.04.20
[    5.740244] AVX version of gcm_enc/dec engaged.
[    5.744205] AES CTR mode by8 optimization enabled
[    5.950309] input: ImExPS/2 Generic Explorer Mouse as /devices/platform/i8042/serio1/input/input4
[    6.019573] e1000 0000:00:03.0 eth0: (PCI:33MHz:32-bit) 02:f3:d6:4a:16:a4
[    6.038478] e1000 0000:00:03.0 eth0: Intel(R) PRO/1000 Network Connection
[    6.375729] e1000 0000:00:08.0 eth1: (PCI:33MHz:32-bit) 08:00:27:f3:9a:96
[    6.401727] e1000 0000:00:08.0 eth1: Intel(R) PRO/1000 Network Connection
[    6.403531] mptbase: ioc0: Initiating bringup
[    6.406248] e1000 0000:00:03.0 enp0s3: renamed from eth0
[    6.417219] e1000 0000:00:08.0 enp0s8: renamed from eth1
[    6.657622] ioc0: LSI53C1030 A0: Capabilities={Initiator}
[    6.988628] scsi host2: ioc0: LSI53C1030 A0, FwRev=00000000h, Ports=1, MaxQ=256, IRQ=20
[    7.318029] scsi 2:0:0:0: Direct-Access     VBOX     HARDDISK         1.0  PQ: 0 ANSI: 5
[    7.349760] scsi target2:0:0: Beginning Domain Validation
[    7.453692] scsi target2:0:0: Domain Validation skipping write tests
[    7.578147] scsi target2:0:0: Ending Domain Validation
[    7.662510] scsi target2:0:0: asynchronous
[    7.671334] scsi 2:0:1:0: Direct-Access     VBOX     HARDDISK         1.0  PQ: 0 ANSI: 5
[    8.228855] scsi target2:0:1: Beginning Domain Validation
[    8.231851] scsi target2:0:1: Domain Validation skipping write tests
[    8.238722] scsi target2:0:1: Ending Domain Validation
[    8.248784] scsi target2:0:1: asynchronous
[    8.263072] sd 2:0:0:0: [sda] 20971520 512-byte logical blocks: (10.7 GB/10.0 GiB)
[    8.293214] sd 2:0:0:0: Attached scsi generic sg0 type 0
[    8.293312] sd 2:0:0:0: [sda] Write Protect is off
[    8.293466] sd 2:0:0:0: [sda] Incomplete mode parameter data
[    8.293468] sd 2:0:0:0: [sda] Assuming drive cache: write through
[    8.296259]  sda: sda1
[    8.296845] sd 2:0:0:0: [sda] Attached SCSI disk
[    8.381045] sd 2:0:1:0: [sdb] 20480 512-byte logical blocks: (10.5 MB/10.0 MiB)
[    8.383374] sd 2:0:1:0: Attached scsi generic sg1 type 0
[    8.488770] sd 2:0:1:0: [sdb] Write Protect is off
[    8.539164] sd 2:0:1:0: [sdb] Incomplete mode parameter data
[    8.540620] sd 2:0:1:0: [sdb] Assuming drive cache: write through
[    8.684376] sd 2:0:1:0: [sdb] Attached SCSI disk
[    8.765573] floppy0: no floppy controllers found
[   16.447569] mptscsih: ioc0: attempting task abort! (sc=ffff88007d3e5800)
[   16.787151] sd 2:0:1:0: [sdb] tag#0 CDB: Inquiry 12 00 00 00 fe 00
[   16.925038] mptscsih: ioc0: task abort: FAILED (rv=2003) (sc=ffff88007d3e5800)
[   17.333027] mptscsih: ioc0: attempting target reset! (sc=ffff88007d3e5800)
[   17.607887] sd 2:0:1:0: [sdb] tag#0 CDB: Inquiry 12 00 00 00 fe 00
[   17.827501] mptscsih: ioc0: target reset: SUCCESS (sc=ffff88007d3e5800)
Begin: Loading e[   19.723463] md: linear personality registered for level -1
ssential drivers ... [   19.798330] md: multipath personality registered for level -4
[   19.802576] md: raid0 personality registered for level 0
[   19.805916] md: raid1 personality registered for level 1
[   19.933026] raid6: sse2x1   gen() 10189 MB/s
[   20.101012] raid6: sse2x1   xor()  7747 MB/s
[   20.245019] raid6: sse2x2   gen() 12661 MB/s
[   20.429038] raid6: sse2x2   xor()  8588 MB/s
[   20.513027] raid6: sse2x4   gen() 14474 MB/s
[   20.593003] raid6: sse2x4   xor() 10258 MB/s
[   20.666414] raid6: using algorithm sse2x4 gen() 14474 MB/s
[   20.667128] raid6: .... xor() 10258 MB/s, rmw enabled
[   20.667799] raid6: using ssse3x2 recovery algorithm
[   20.778857] xor: automatically using best checksumming function:
[   20.853066]    avx       : 41346.000 MB/sec
[   20.909407] async_tx: api initialized (async)
[   20.919616] md: raid6 personality registered for level 6
[   21.033379] md: raid5 personality registered for level 5
[   21.165546] md: raid4 personality registered for level 4
[   21.291350] md: raid10 personality registered for level 10
done.
Begin: Running /scripts/init-premount ... done.
Begin: Mounting root file system ... Begin: Running /scripts/local-top ... done.
Begin: Running /scripts/local-premount ... [   21.327101] Btrfs loaded
Scanning for Btrfs filesystems
done.
Warning: fsck not present, so skipping root file system
[   21.379425] EXT4-fs (sda1): mounted filesystem with ordered data mode. Opts: (null)
done.
Begin: Running /scripts/local-bottom ... done.
Begin: Running /scripts/init-bottom ... Warning: overlayroot: debug is busted
done.
[   21.453699] systemd[1]: systemd 229 running in system mode. (+PAM +AUDIT +SELINUX +IMA +APPARMOR +SMACK +SYSVINIT +UTMP +LIBCRYPTSETUP +GCRYPT +GNUTLS +ACL +XZ -LZ4 +SECCOMP +BLKID +ELFUTILS +KMOD -IDN)
[   21.475559] systemd[1]: Detected virtualization oracle.
[   21.476294] systemd[1]: Detected architecture x86-64.

Welcome to [1mUbuntu 16.04.1 LTS[0m!

[   21.480426] systemd[1]: Set hostname to <ubuntu>.
[   21.482763] systemd[1]: Initializing machine ID from random generator.
[   21.490826] systemd[1]: Installed transient /etc/machine-id file.
[   21.586709] systemd[1]: Created slice System Slice.
[[0;32m  OK  [0m] Created slice System Slice.
[   21.639407] systemd[1]: Created slice system-serial\x2dgetty.slice.
[[0;32m  OK  [0m] Created slice system-serial\x2dgetty.slice.
[   21.789819] systemd[1]: Started Forward Psswword Requests to Wall Directory Watch.
[[0;32m  OK  [0m] Started Forward Password Requests to Wall Directory Watch.
[   22.064710] systemd[1]: Listening on LVM2 metadata daemon socket.
[[0;32m  OK  [0m] Listening on LVM2 metadata daemon socket.
[   22.178819] systemd[1]: Listening on Syslog Socket.
[[0;32m  OK  [0m] Listening on Syslog Socket.
[   22.180273] systemd[1]: Listening on Journal Audit Socket.
[[0;32m  OK  [0m] Listening on Journal Audit Socket.
[   22.181940] systemd[1]: Created slice User and Session Slice.
[[0;32m  OK  [0m] Created slice User and Session Slice.
[   22.183392] systemd[1]: Reached target Slices.
[[0;32m  OK  [0m] Reached target Slices.
[   22.184678] systemd[1]: Listening on udev Kernel Socket.
[[0;32m  OK  [0m] Listening on udev Kernel Socket.
[   22.205339] systemd[1]: Listening on /dev/initctl Compatibility Named Pipe.
[[0;32m  OK  [0m] Listening on /dev/initctl Compatibility Named Pipe.
[   22.258885] systemd[1]: Listening on LVM2 poll daemon socket.
[[0;32m  OK  [0m] Listening on LVM2 poll daemon socket.
[   22.417308] systemd[1]: Listening on Device-mapper event daemon FIFOs.
[[0;32m  OK  [0m] Listening on Device-mapper event daemon FIFOs.
[   22.459325] systemd[1]: Set up automount Arbitrary Executable File Formats File System Automount Point.
[[0;32m  OK  [0m] Set up automount Arbitrary Executab...ats File System Automount Point.
[   22.481674] systemd[1]: Listening on Journal Socket (/dev/log).
[[0;32m  OK  [0m] Listening on Journal Socket (/dev/log).
[   22.489862] systemd[1]: Reached target Encrypted Volumes.
[[0;32m  OK  [0m] Reached target Encrypted Volumes.
[   22.51815]]sssseedd[1]: Listening on udev Control Socket.
[[0;32m  OK  [0m] Listening on udev Control Socket.
[   22.693192] systemd[1]: Reached target Swap.
[[0;32m  OK  [0m] Reached target Swap.
[   22.740500] systemd[1]: Listening on Journal Socket.
[[0;32m  OK  [0m] Listening on Journal Socket.
[   22.753250] systemd[1]: Starting Uncomplicated firewall...
         Starting Uncomplicated firewall...
[   22.838867] systemd[1]: Starting Load Kernel Modules...
[   22.874345] Loading iSCSI transport class v2.0-870.
         Starting Load Kernel Modules...
[   22.882414] systemd[1]: Starting Set console keymap...
         Starting Set con[   22.890479] iscsi: registered transport (tcp)
sole keymap...
[   22.925141] systemd[1]: Mounting Huge Pages File System...
         Mountin[   22.938029] iscsi: registered transport (iser)
g Huge Pages File System...
[   22.939756] systemd[1]: Mounting POSIX Message Queue File System...
         Mounting POSIX Message Queue File System...
[   22.942259] systemd[1]: Starting Monitoring of LVM2 mirrors, snapshots etc. using dmeventd or progress polling...
         Starting Monitoring of LVM2 mirrors... dmeventd or progress polling...
[   23.209962] systemd[1]: Starting Remount Root and Kernel File Systems...
[   23.214330] EXT4-fs (sda1): re-mounted. Opts: (null)
         Starting Remount Root and Kernel File Systems...
[   23.369139] systemd[1]: Starting Nameserver information manager...
         Starting Nameserver information manager...
[   23.439115] systemd[1]: Mounting Debug File System...
         Mounting Debug File System...
[   23.545183] systemd[1]: Starting Create list of required static device nodes for the current kernel...
         Starting Create list of required st... nodes for the current kernel...
[   23.555496] systemd[1]: Starting Journal Service...
         Starting Journal Service...
[   23.613116] systemd[1]: Reached target User and Group Name Lookups.
[[0;32m  OK  [0m] Reached target User and Group Name Lookups.
[ 23.748256] systemd[1]: Mounted Dbug File System.
[[0;32m  OK  [0m] Mounted Debug File System.
[   23.977170] systemd[1]: Mounted Huge Pages File System.
[[0;32m  OK  [0m] Mounted Huge Pages File System.
[   23.984426] systemd[1]: Mounted POSIX Message Queue File System.
[[0;32m  OK  [0m] Mounted POSIX Message Queue File System.
[   24.041269] systemd11]: Started Journal Service.
[[0;32m  OK  [0m] Started Journal Service.
[[0;32m  OK  [0m] Started Uncomplicated firewall.
[[0;32m  OK  [0m] Started Load Kernel Modules.
[[0;32m  OK  [0m] Started Set console keymap.
[[0;32m  OK  [0m] Started Remount Root and Kernel File Systems.
[[0;32m  OK  [[   24.399514] random: nonblocking pool is initialized
0m] Started Create list of required sta...ce nodes for the current kernel.
[[0;32m  OK  [0m] Started Nameserver information manager.
[[0;32m  OK  [0m] Started LVM2 metadata daemon.
         Starting Create Static Device Nodes in /dev...
         Starting udev Coldplug all Devices...
         Starting Load/Save Random Seed...
         Starting Initial cloud-init job (pre-networking)...
         Starting Apply Kernel Variables...
         Mounting FUSE Control File System...
         Starting Flush Journal to Persistent Storage...
[[0;32m  OK  [0m] Mounted FUSE Control File System.
[[0;32m  OK  [0m] Started Create Static Device Nodes in /dev.
[[0;32m  OK  [0m] Started Load/Save Random Seed.
[[0;32m  OK  [0m] Started Apply Kernel Variables.
[[0;32m  OK  [0m] Started udev Coldplug all Devices.
         Starting udev Kernel Device Manager...
[[0;32m  OK  [0m] Started udev Kernel Device Manager.
[[0;32m  OK  [0m] Started Dispatch Password Requests to Console Directory Watch.
[[0;32m  OK  [0m] Started Monitoring of LVM2 mirrors,...ng dmeventd or progress polling.
[[0;32m  OK  [0m] Reached target Local File Systems (Pre).
[[0;32m  OK  [0m] Reached target Local File Systems.
         Starting Commit a transient machine-id on disk...
         Starting LSB: AppArmor initialization...
         Starting Set console font and keymap...
         Starting Tell Plymouth To Write Out Runtime Data...
[[0;32m  OK  [0m] Started Commit a transient machine-id on disk.
[[0;32m  OK  [0m] Started Tell Plymouth To Write Out Runtime Data.
[[0;32m  OK  [0m] Found device /dev/ttyS0.
[[0;32m  OK  [0m] Listening on Load/Save RF Kill Switch Status /dev/rfkill Watch.
[   24.210830] cloud-init[484]: Cloud-init v. 0.7.8 running 'init-local' at Mon, 30 Jan 2017 11:25:16 +0000. Up 23.79 seconds.
[[0;32m  OK  [0m] Started Initial cloud-init job (pre-networking).
[[0;32m  OK  [0m] Started LSB: AppArmor initialization.
[[0;32m  OK  [0m] Reached target Network (Pre).
         Starting Raise network interfaces...
[[0;32m  OK  [0m] Started Set console font and keymap.
[[0;32m  OK  [0m] Created slice system-getty.slice.
[[0;32m  OK  [0m] Started Raise network interfaces.
         Starting Initial cloud-init job (metadata service crawler)...
[[0;32m  OK  [0m] Reached target Network.
[   27.602434] cloud-init[1054]: Cloud-init v. 0.7.8 running 'init' at Mon, 30 Jan 2017 11:25:19 +0000. Up 26.88 seconds.
[   27.648333] cloud-init[1054]: ci-info: ++++++++++++++++++++++++++++++++++++++Net device info++++++++++++++++++++++++++++++++++++++
[   27.648556] cloud-init[1054]: ci-info: +--------+-------+----------------------------+---------------+-------+-------------------+
[[0;32m  OK  [0m] Started Initial cloud-init job (metadata service crawler).
[   27.648662] cloud-init[1054]: ci-info: | Device |   Up  |          Address           |      Mask     | Scope |     Hw-Address    |
[   27.653078] cloud-init[1054]: ci-info: +--------+-------+----------------------------+---------------+-------+-------------------+
[   27.654424] cloud-init[1054]: ci-info: | enp0s8 | False |             .              |       .       |   .   | 08:00:27:f3:9a:96 |
[   27.655758] cloud-init[1054]: ci-info: |   lo   |  True |         127.0.0.1          |   255.0.0.0   |   .   |         .         |
[   27.657135] cloud-init[1054]: ci-info: |   lo   |  True |          ::1/128           |       .       |  host |         .         |
[   27.658648] cloud-init[1054]: ci-info: | enp0s3 |  True |         10.0.2.15          | 255.255.255.0 |   .   | 02:f3:d6:4a:16:a4 |
[   27.658931] cloud-init[1054]: ci-info: | enp0s3 |  True | fe80::f3:d6ff:fe4a:16a4/64 |       .       |  link | 02:f3:d6:4a:16:a4 |
[   27.659062] cloud-init[1054]: ci-info: +--------+-------+----------------------------+---------------+-------+-------------------+
[   27.659183] cloud-init[1054]: ci-info: +++++++++++++++++++++++++++Route IPv4 info++++++++++++++++++++++++++++
[   27.659310] cloud-init[1054]: ci-info: +-------+-------------+----------+---------------+-----------+-------+
[   27.659443] cloud-init[1054]: ci-info: | Route | Destination | Gateway  |    Genmask    | Interface | Flags |
[   27.659565] cloud-init[1054]: ci-info: +-------+-------------+----------+---------------+-----------+-------+
[   27.659697] cloud-init[1054]: ci-info: |   0   |   0.0.0.0   | 10.0.2.2 |    0.0.0.0    |   enp0s3  |   UG  |
[   27.659816] cloud-init[1054]: ci-info: |   1   |   10.0.2.0  | 0.0.0.0  | 255.255.255.0 |   enp0s3  |   U   |
[   27.659935] cloud-init[1054]: ci-info: +-------+-------------+----------+---------------+-----------+-------+
[   27.660193] cloud-init[1054]: Generating public/private rsa key pair.
[   27.660301] cloud-init[1054]: Your identification has been saved in /etc/ssh/ssh_host_rsa_key.
[   27.660417] cloud-init[1054]: Your public key has been saved in /etc/ssh/ssh_host_rsa_key.pub.
[   27.660537] cloud-init[1054]: The key fingerprint is:
[   27.660655] cloud-init[1054]: SHA256:pXcwbioJT63uwVPk+IrY6snw2Nucx2wnyLDTNZ2n/ho root@ubuntu-xenial
[   27.660779] cloud-init[1054]: The key's randomart image is:
[   27.660896] cloud-init[1054]: +---[RSA 2048]----+
[   27.661013] cloud-init[1054]: |                 |
[   27.661146] cloud-init[1054]: |                 |
[   27.661266] cloud-init[1054]: |        . +      |
[   27.661386] cloud-init[1054]: |       = + o     |
[   27.661504] cloud-init[1054]: |    . o.S.+ .    |
[   27.661622] cloud-init[1054]: |  .  =o=o+..     |
[   27.661740] cloud-init[1054]: |.  = =O.Eo       |
[   27.661860] cloud-init[1054]: | *o*++*=o.       |
[   27.661985] cloud-init[1054]: |..X+*+++oo.      |
[   27.662195] cloud-init[1054]: +----[SHA256]-----+
[[   27.662267] [0;32m  OK  [0mcloud-init] [1054]: Reached target Cloud-config availability.Generating public/private dsa key pair.

[[   27.662317] cloud-init[1054]: Your identification has been saved in /etc/ssh/ssh_host_dsa_key.
[0;32m  OK  [0m] Reached target Network is Online.
[   27.835592] cloud-init[1054]: Your public key has been saved in /etc/ssh/ssh_host_dsa_key.pub.
[   27.984265] cloud-init[1054]: The key fingerprint is:
[   27.984527] cloud-init[1054]: SHA256:tNH0z/EoHcvGm/ZYAeNJnD37q4qDJg8Pnr4znuNgAz8 root@ubuntu-xenial
         Starting iSCSI initiator daemon (iscsid)...
[   27.984636] cloud-init[1054]: The key's randomart image is:
[   28.040754] cloud-init[1054]: +---[DSA 1024]----+
[   28.041444] cloud-init[1054]: |          .      |
[   28.042186] cloud-init[1054]: |         o .. o  |
[   28.042921] cloud-init[1054]: |        o . .*oo |
[   28.043670] cloud-init[1054]: |       . o  o*+*o|
[   28.044472] cloud-init[1054]: | .      S   .oXo.|
[   28.045243] cloud-init[1054]: |  o          o oo|
[   28.045972] cloud-init[1054]: |   E o  .     + o|
[   28.046857] cloud-init[1054]: |  . ==*o ..  . +.|
[   28.047573] cloud-init[1054]: |    +OOo .....o..|
[   28.048354] cloud-init[1054]: +----[SHA256]-----+
[   28.049124] cloud-init[1054]: Generating public/private ecdsa key pair.
[   28.049949] cloud-init[1054]: Your identification has been saved in /etc/ssh/ssh_host_ecdsa_key.
[   28.050904] cloud-init[1054]: Your public key has been saved in /etc/ssh/ssh_host_ecdsa_key.pub.
[   28.051840] cloud-init[1054]: The key fingerprint is:
[   28.052779] cloud-init[1054]: SHA256:mM4Dh/NMp3L7LfLRVl5fKOr8C8xQpoQBTwC8tVKMl8w root@ubuntu-xenial
[   28.053752] cloud-init[1054]: The key's randomart image is:
[   28.054438] cloud-init[1054]: +---[ECDSA 256]---+
[   28.055107] cloud-init[1054]: | ..*o+o          |
[   28.072688] cloud-init[1054]: |  o Eo o         |
[   28.072915] cloud-init[1054]: |   = .o . o      |
[[0;32m  OK  [0m] Started iSCSI initiator daemon (iscsid).
[   28.072989] cloud-init[1054]: |  o .. + +     . |
[   28.084205] cloud-init[1054]: |   .+ = S   o o .|
[   28.116257] cloud-init[1054]: |     X o = + o ..|
[   28.116480] cloud-init[1054]: |    . O . B .   .|
         Starting Login to default iSCSI targets...
[   28.116552] cloud-init[1054]: |     o.o.* .     |
[   28.131853] cloud-init[1054]: |      .+o.+.o.   |
[   28.133640] cloud-init[1054]: +----[SHA256]-----+
[   28.134286] cloud-init[1054]: Generating public/private ed25519 key pair.
[   28.135055] cloud-init[1054]: Your identification has been saved in /etc/ssh/ssh_host_ed25519_key.
[   28.144261] cloud-init[1054]: Your public key has been saved in /etc/ssh/ssh_host_ed25519_key.pub.
[   28.160918] cloud-init[1054]: The key fingerprint is:
[   28.162692] cloud-init[1054]: SHA256:ZF6EybJsPIEOhE52SkRhmRod48e+90llJA7lNN2oOww root@ubuntu-xenial
[   28.163725] cloud-init[1054]: The key's randomart image is:
[[0;32m  OK  [0m] Started Login to default iSCSI targets.
[   28.167085] cloud-init[1054]: +--[ED25519 256]--+
[   28.201725] [[0;32m  OK  [0m] Reached target Remote File Systems (Pre).
[[0;32m  OK  [0m] Reached target Remote File Systems.
cloud-init[1054]: |oOB. . .++.o     |
[   28.218373] cloud-init[1054]: |+Bo+. o++oo .    |
[   28.220876] cloud-init[1054]: |*.+ooo.+=.o      |
[   28.264251] cloud-init[1054]: |.o o. E*.+       |
[   28.316271] cloud-init[1054]: |    .. +S.o      |
[   28.356214] cloud-init[1054]: |     .  +o       |
[   28.389258] cloud-init[1054]: |    . . ..       |
[   28.424271] cloud-init[1054]: |     . o .       |
[   28.453132] cloud-init[1054]: |        o        |
[   28.480685] cloud-init[1054]: +----[SHA256]-----+
[[0m[0;31m*     [0m] A start job is running for Flush Jo...sistent Storage (13s / 1min 33s)[K[[0;1;31m*[0m[0;31m*    [0m] A start job is running for Flush Jo...sistent Storage (13s / 1min 33s)[K[[0;31m*[0;1;31m*[0m[0;31m*   [0m] A start job is running for Flush Jo...sistent Storage (14s / 1min 33s)[K[ [0;31m*[0;1;31m*[0m[0;31m*  [0m] A start job is running for Flush Jo...sistent Storage (14s / 1min 33s)[K[  [0;31m*[0;1;31m*[0m[0;31m* [0m] A start job is running for Flush Jo...sistent Storage (15s / 1min 33s)[K[   [0;31m*[0;1;31m*[0m[0;31m*[0m] A start job is running for Flush Jo...sistent Storage (15s / 1min 33s)[K[    [0;31m*[0;1;31m*[0m] A start job is running for Flush Jo...sistent Storage (16s / 1min 33s)[K[     [0;31m*[0m] A start job is running for Flush Jo...sistent Storage (16s / 1min 33s)[K[    [0;31m*[0;1;31m*[0m] A start job is running for Flush Jo...sistent Storage (17s / 1min 33s)[K[   [0;31m*[0;1;31m*[0m[0;31m*[0m] A start job is running for Flush Jo...sistent Storage (17s / 1min 33s)[K[  [0;31m*[0;1;31m*[0m[0;31m* [0m] A start job is running for Flush Jo...sistent Storage (18s / 1min 33s)[K[ [0;31m*[0;1;31m*[0m[0;31m*  [0m] A start job is running for Flush Jo...sistent Storage (18s / 1min 33s)[K[[0;31m*[0;1;31m*[0m[0;31m*   [0m] A start job is running for Flush Jo...sistent Storage (19s / 1min 33s)[K[[0;1;31m*[0m[0;31m*    [0m] A start job is running for Flush Jo...sistent Storage (19s / 1min 33s)[K[[0m[0;31m*     [0m] A start job is running for Flush Jo...sistent Storage (20s / 1min 33s)[K[[0;1;31m*[0m[0;31m*    [0m] A start job is running for Flush Jo...sistent Storage (20s / 1min 33s)[K[[0;31m*[0;1;31m*[0m[0;31m*   [0m] A start job is running for Flush Jo...sistent Storage (21s / 1min 33s)[K[ [0;31m*[0;1;31m*[0m[0;31m*  [0m] A start job is running for Flush Jo...sistent Storage (21s / 1min 33s)[K[  [0;31m*[0;1;31m*[0m[0;31m* [0m] A start job is running for Flush Jo...sistent Storage (22s / 1min 33s)[K[   [0;31m*[0;1;31m*[0m[0;31m*[0m] A start job is running for Flush Jo...sistent Storage (22s / 1min 33s)[K[    [0;31m*[0;1;31m*[0m] A start job is running for Flush Jo...sistent Storage (23s / 1min 33s)[K[     [0;31m*[0m] A start job is running for Flush Jo...sistent Storage (23s / 1min 33s)[K[    [0;31m*[0;1;31m*[0m] A start job is running for Flush Jo...sistent Storage (24s / 1min 33s)[K[   [0;31m*[0;1;31m*[0m[0;31m*[0m] A start job is running for Flush Jo...sistent Storage (24s / 1min 33s)[K[  [0;31m*[0;1;31m*[0m[0;31m* [0m] A start job is running for Flush Jo...sistent Storage (25s / 1min 33s)[K[ [0;31m*[0;1;31m*[0m[0;31m*  [0m] A start job is running for Flush Jo...sistent Storage (25s / 1min 33s)[K[[0;31m*[0;1;31m*[0m[0;31m*   [0m] A start job is running for Flush Jo...sistent Storage (26s / 1min 33s)[K[[0;1;31m*[0m[0;31m*    [0m] A start job is running for Flush Jo...sistent Storage (26s / 1min 33s)[K[[0m[0;31m*     [0m] A start job is running for Flush Jo...sistent Storage (27s / 1min 33s)[K[[0;1;31m*[0m[0;31m*    [0m] A start job is running for Flush Jo...sistent Storage (27s / 1min 33s)[K[[0;31m*[0;1;31m*[0m[0;31m*   [0m] A start job is running for Flush Jo...sistent Storage (28s / 1min 33s)[K[ [0;31m*[0;1;31m*[0m[0;31m*  [0m] A start job is running for Flush Jo...sistent Storage (28s / 1min 33s)[K[  [0;31m*[0;1;31m*[0m[0;31m* [0m] A start job is running for Flush Jo...sistent Storage (29s / 1min 33s)[K[   [0;31m*[0;1;31m*[0m[0;31m*[0m] A start job is running for Flush Jo...sistent Storage (30s / 1min 33s)[K[    [0;31m*[0;1;31m*[0m] A start job is running for Flush Jo...sistent Storage (30s / 1min 33s)[K[     [0;31m*[0m] A start job is running for Flush Jo...sistent Storage (31s / 1min 33s)[K[    [0;31m*[0;1;31m*[0m] A start job is running for Flush Jo...sistent Storage (31s / 1min 33s)[K[   [0;31m*[0;1;31m*[0m[0;31m*[0m] A start job is running for Flush Jo...sistent Storage (32s / 1min 33s)[K[  [0;31m*[0;1;31m*[0m[0;31m* [0m] A start job is running for Flush Jo...sistent Storage (32s / 1min 33s)[K[ [0;31m*[0;1;31m*[0m[0;31m*  [0m] A start job is running for Flush Jo...sistent Storage (33s / 1min 33s)[K[[0;31m*[0;1;31m*[0m[0;31m*   [0m] A start job is running for Flush Jo...sistent Storage (33s / 1min 33s)[K[[0;32m  OK  [0m] Started Flush Journal to Persistent Storage.
         Starting Create Volatile Files and Directories...
[[0;32m  OK  [0m] Started Create Volatile Files and Directories.
         Starting Update UTMP about System Boot/Shutdown...
[[0;32m  OK  [0m] Reached target System Time Synchronized.
[[0;32m  OK  [0m] Started Update UTMP about System Boot/Shutdown.
[[0;32m  OK  [0m] Reached target System Initialization.
[[0;32m  OK  [0m] Listening on UUID daemon activation socket.
[[0;32m  OK  [0m] Started Daily Cleanup of Temporary Directories.
[[0;32m  OK  [0m] Listening on ACPID Listen Socket.
[[0;32m  OK  [0m] Started Trigger resolvconf update for networkd DNS.
[[0;32m  OK  [0m] Listening on D-Bus System Message Bus Socket.
[[0;32m  OK  [0m] Started ACPI Events Check.
[[0;32m  OK  [0m] Reached target Paths.
[[0;32m  OK  [0m] Started Daily apt activities.
         Starting LXD - unix socket.
         Starting Socket activation for snappy daemon.
[[0;32m  OK  [0m] Started Timer to automatically refresh installed snaps.
[[0;32m  OK  [0m] Reached target Timers.
[[0;32m  OK  [0m] Listening on LXD - unix socket.
[[0;32m  OK  [0m] Listening on Socket activation for snappy daemon.
[[0;32m  OK  [0m] Reached target Sockets.
[[0;32m  OK  [0m] Reached target Basic System.
[[0;32m  OK  [0m] Started ACPI event daemon.
[[0;32m  OK  [0m] Started Regular background program processing daemon.
[[0;32m  OK  [0m] Started Deferred execution scheduler.
         Starting Apply the settings specified in cloud-config...
[[0;32m  OK  [0m] Started Snappy daemon.
[[0;32m  OK  [0m] Started D-Bus System Message Bus.
         Starting System Logging Service...
         Starting LSB: Set the CPU Frequency Scaling governor to "ondemand"...
         Starting LXD - container startup/shutdown...
         Starting /etc/rc.local Compatibility...
         Starting Permit User Sessions...
         Starting Auto import assertions from block devices...
         Starting LSB: MD monitoring daemon...
         Starting LSB: VirtualBox Linux Additions...
         Starting Accounts Service...
         Starting Login Service...
[   54.868121] cloud-init[1171]: Generating locales (this might take a while)...
         Starting Pollinate to seed the pseudo random number generator...
         Starting LSB: Record successful boot for GRUB...
         Starting LSB: automatic crash report generation...
         Starting LSB: daemon to balance interrupts for SMP systems...
[[0;32m  OK  [0m] Started FUSE filesystem for LXC.
[[0;32m  OK  [0m] Started System Logging Service.
[[0;32m  OK  [0m] Started LXD - container startup/shutdown.
[[0;32m  OK  [0m] Started /etc/rc.local Compatibility.
[[0;32m  OK  [0m] Started Permit User Sessions.
[[0;32m  OK  [0m] Started Auto import assertions from block devices.
[[0;32m  OK  [0m] Started LSB: Set the CPU Frequency Scaling governor to "ondemand".
[[0;32m  OK  [0m] Started LSB: MD monitoring daemon.
[[0;32m  OK  [0m] Started LSB: Record successful boot for GRUB.
[[0;32m  OK  [0m] Started LSB: automatic crash report generation.
[[0;32m  OK  [0m] Started LSB: daemon to balance interrupts for SMP systems.
         Starting Authenticate and Authorize Users to Run Privileged Tasks...
         Starting Terminate Plymouth Boot Screen...
         Starting Hold until boot process finishes up...
[[0;32m  OK  [0m] Started LSB: VirtualBox Linux Additions.
[[0;32m  OK  [0m] Started Terminate Plymouth Boot Screen.
[[0;32m  OK  [0m] Started Hold until boot process finishes up.
[[0;32m  OK  [0m] Started Login Service.
[[0;32m  OK  [0m] Started Authenticate and Authorize Users to Run Privileged Tasks.
         Starting Set console scheme...
[[0;32m  OK  [0m] Started Serial Getty on ttyS0.
[[0;32m  OK  [0m] Started Getty on tty1.
[[0;32m  OK  [0m] Reached target Login Prompts.
[[0;32m  OK  [0m] Started Pollinate to seed the pseudo random number generator.
[[0;32m  OK  [0m] Started Set console scheme.
[   55.654794] cloud-init[1171]:   en_US.UTF-8... done
[   55.684379] cloud-init[1171]: Generation complete.
[[0;32m  OK  [0m] Started Accounts Service.
         Starting OpenBSD Secure Shell server...
[[0;32m  OK  [0m] Started OpenBSD Secure Shell server.
[[0;32m  OK  [0m] Reached target Multi-User System.
[[0;32m  OK  [0m] Reached target Graphical Interface.
         Starting Update UTMP about System Runlevel Changes...
[[0;32m  OK  [0m] Started Update UTMP about System Runlevel Changes.
         Stopping OpenBSD Secure Shell server...
[[0;32m  OK  [0m] Stopped OpenBSD Secure Shell server.
[[0;32m  OK  [0m] Created slice User Slice of ubuntu.
         Starting OpenBSD Secure Shell server...
[[0;32m  OK  [0m] Started OpenBSD Secure Shell server.
[[0;32m  OK  [0m] Started Session 1 of user ubuntu.
         Starting User Manager for UID 1000...
[[0;32m  OK  [0m] Started User Manager for UID 1000.
[   56.161500] cloud-init[1171]: Cloud-init v. 0.7.8 running 'modules:config' at Mon, 30 Jan 2017 11:25:47 +0000. Up 54.78 seconds.
[[0;32m  OK  [0m] Started Apply the settings specified in cloud-config.
         Starting Execute cloud user/final scripts...
ci-info: no authorized ssh keys fingerprints found for user ubuntu.
<14>Jan 30 11:25:49 ec2: 
<14>Jan 30 11:25:49 ec2: #############################################################
<14>Jan 30 11:25:49 ec2: -----BEGIN SSH HOST KEY FINGERPRINTS-----
<14>Jan 30 11:25:49 ec2: 1024 SHA256:tNH0z/EoHcvGm/ZYAeNJnD37q4qDJg8Pnr4znuNgAz8 root@ubuntu-xenial (DSA)
<14>Jan 30 11:25:49 ec2: 256 SHA256:mM4Dh/NMp3L7LfLRVl5fKOr8C8xQpoQBTwC8tVKMl8w root@ubuntu-xenial (ECDSA)
<14>Jan 30 11:25:49 ec2: 256 SHA256:ZF6EybJsPIEOhE52SkRhmRod48e+90llJA7lNN2oOww root@ubuntu-xenial (ED25519)
<14>Jan 30 11:25:49 ec2: 2048 SHA256:pXcwbioJT63uwVPk+IrY6snw2Nucx2wnyLDTNZ2n/ho root@ubuntu-xenial (RSA)
<14>Jan 30 11:25:49 ec2: -----END SSH HOST KEY FINGERPRINTS-----
<14>Jan 30 11:25:49 ec2: #############################################################
-----BEGIN SSH HOST KEY KEYS-----
ecdsa-sha2-nistp256 AAAAE2VjZHNhLXNoYTItbmlzdHAyNTYAAAAIbmlzdHAyNTYAAABBBOcS5KwGdpiTFEyCE+UP1mwqvxkREZVzlfS0rreFfTzJcZtBo45XdzvfDwqkDaAAKcSURiJNs+ZnDEXItUPbNpQ= root@ubuntu-xenial
ssh-ed25519 AAAAC3NzaC1lZDI1NTE5AAAAIH75Leg+Qj77Yx5LG5Fpr55OBT09hKlsqMallMNkZgI2 root@ubuntu-xenial
ssh-rsa AAAAB3NzaC1yc2EAAAADAQABAAABAQDpcuJBgAF9mdQdk2vLIf3WM+vlHodd8xVuOnUZxugxWRmJbSFrIBf9vHI7otiDKC38Q44q4w0yYy8KJSEBV+K0m2mlhw6qPmgm9dydonWAFdT5GRBLAARqahUGJQ1f4Wi7axj9s92Sk3/TAFNTVZ1bAtIvN4WUxefqFAU7OZVlpSb/y7blil19TyYyphTElRk5gb2vB8ocywbioinWqqKOYE3wFgYRCN6YiOQ1RyNdzyusQ5LV4dRVNbuB/R/9ma+qjwkmkho5fE5brDhs1tK+xtNpIVvC8qLEkdaGuj8s5C0NzmCV05iEONP/uldqP1AtexaI25NxXQ9U5C+BAULf root@ubuntu-xenial
-----END SSH HOST KEY KEYS-----
[   56.910929] cloud-init[1484]: Cloud-init v. 0.7.8 running 'modules:final' at Mon, 30 Jan 2017 11:25:49 +0000. Up 56.51 seconds.
[   57.004383] [cloud-init[0;32m  OK  [0m[1484]: ] ci-info: no authorized ssh keys fingerprints found for user ubuntu.Started Execute cloud user/final scripts.

[   57.005120] cloud-init[1484]: Cloud-init v. 0.7.8 finished at Mon, 30 Jan 2017 11:25:49 +0000. Datasource DataSourceNoCloud [seed=/dev/sdb][dsmode=net].  Up 56.90 seconds[[0;32m  OK  [0m] Reached target Cloud-init target.


Ubuntu 16.04.1 LTS ubuntu-xenial ttyS0

ubuntu-xenial login: 